Downloading /home/maparla/.torch/models/seresnext101_32x4d-0480-4f6479f0.pth.zip from https://github.com/osmr/imgclsmob/releases/download/v0.0.418/seresnext101_32x4d-0480-4f6479f0.pth.zip...

--- [START 2020-01-20_11-18-53] ----------------------------------------------------------------

@common.py:
set random seed
	SEED = 2019
set cuda environment
	torch.__version__              = 1.3.1
	torch.version.cuda             = 10.1.243
	torch.backends.cudnn.version() = 7603
	os['CUDA_VISIBLE_DEVICES']     = 0,1
	torch.cuda.device_count()      = 2



SEED     = 2019
out_dir  = results/seresnext101/initial_head_seresnext101_combined_crossentropy_over9000_lr0.002_150to128_mixup0.0_DAda8_extendedTrain_MinLr0.002_MaxLr0.01_one_cycle_lr_PRETRAINED

** dataset setting **
batch_size = 128
train_dataset : 
	len = 170714


valid_dataset : 
	len = 30126



** net setting **
	initial_checkpoint = 
net=<class 'torch.nn.parallel.data_parallel.DataParallel'>

optimizer
  Lookahead (
Parameter Group 0
    betas: (0.9, 0.999)
    eps: 1e-08
    lr: 0.002
    momentum: 0.95
    step_counter: 0
    weight_decay: 0
)
scheduler
  <utils.onecyclelr.OneCycleLR object at 0x7f4b075a1890>

epochs=39
batch_size=128

** START TRAINING HERE! **


                |----------------------- VALID------------------------------------|------- TRAIN/BATCH -----------
epoch     rate  | kaggle                    | loss               acc              | loss             | time       
----------------------------------------------------------------------------------------------------------------------
  0  0.0020000  | 0.840 : 0.761 0.922 0.916 | 0.63, 0.20, 0.18 : 0.83, 0.95, 0.95 | 2.77, 0.91, 0.70 | 0 hr 14 min
  1  0.0024706  | 0.876 : 0.823 0.925 0.933 | 0.51, 0.15, 0.13 : 0.85, 0.96, 0.96 | 1.87, 0.63, 0.45 | 0 hr 29 min
  2  0.0029412  | 0.882 : 0.849 0.954 0.873 | 0.44, 0.14, 0.13 : 0.88, 0.96, 0.96 | 1.74, 0.60, 0.42 | 0 hr 44 min
  3  0.0034118  | 0.902 : 0.861 0.940 0.944 | 0.41, 0.13, 0.13 : 0.88, 0.96, 0.96 | 1.65, 0.57, 0.40 | 0 hr 59 min
  4  0.0038824  | 0.901 : 0.867 0.953 0.915 | 0.40, 0.12, 0.12 : 0.89, 0.96, 0.96 | 1.58, 0.55, 0.38 | 1 hr 15 min
  5  0.0043529  | 0.929 : 0.898 0.959 0.961 | 0.31, 0.09, 0.08 : 0.91, 0.97, 0.98 | 1.54, 0.53, 0.37 | 1 hr 30 min
  6  0.0048235  | 0.907 : 0.873 0.944 0.937 | 0.36, 0.13, 0.10 : 0.89, 0.96, 0.97 | 1.49, 0.52, 0.36 | 1 hr 45 min
  7  0.0052941  | 0.929 : 0.901 0.965 0.950 | 0.30, 0.09, 0.08 : 0.91, 0.97, 0.98 | 1.45, 0.51, 0.35 | 2 hr 00 min
  8  0.0057647  | 0.933 : 0.908 0.969 0.947 | 0.28, 0.08, 0.08 : 0.92, 0.98, 0.98 | 1.42, 0.50, 0.34 | 2 hr 15 min
  9  0.0062353  | 0.932 : 0.907 0.973 0.940 | 0.28, 0.08, 0.08 : 0.92, 0.98, 0.98 | 1.40, 0.49, 0.34 | 2 hr 31 min
 10  0.0067059  | 0.929 : 0.903 0.957 0.953 | 0.30, 0.09, 0.10 : 0.91, 0.98, 0.97 | 1.38, 0.48, 0.33 | 2 hr 46 min
 11  0.0071765  | 0.949 : 0.931 0.969 0.965 | 0.20, 0.07, 0.06 : 0.94, 0.98, 0.98 | 1.36, 0.48, 0.33 | 3 hr 01 min
 12  0.0076471  | 0.924 : 0.898 0.962 0.936 | 0.30, 0.09, 0.08 : 0.91, 0.98, 0.98 | 1.35, 0.47, 0.33 | 3 hr 16 min
 13  0.0081176  | 0.946 : 0.918 0.977 0.972 | 0.23, 0.06, 0.06 : 0.93, 0.98, 0.98 | 1.34, 0.47, 0.32 | 3 hr 31 min
 14  0.0085882  | 0.926 : 0.901 0.962 0.941 | 0.28, 0.10, 0.09 : 0.92, 0.97, 0.97 | 1.33, 0.46, 0.32 | 3 hr 47 min
 15  0.0090588  | 0.938 : 0.918 0.968 0.949 | 0.25, 0.08, 0.09 : 0.93, 0.97, 0.97 | 1.31, 0.46, 0.32 | 4 hr 02 min
 16  0.0095294  | 0.945 : 0.932 0.972 0.946 | 0.21, 0.07, 0.06 : 0.94, 0.98, 0.98 | 1.31, 0.46, 0.32 | 4 hr 17 min
 17  0.0100000  | 0.951 : 0.931 0.976 0.965 | 0.20, 0.06, 0.05 : 0.94, 0.98, 0.98 | 1.29, 0.45, 0.31 | 4 hr 33 min
 18  0.0095556  | 0.957 : 0.941 0.980 0.964 | 0.18, 0.05, 0.05 : 0.95, 0.99, 0.99 | 1.28, 0.45, 0.31 | 4 hr 48 min
 19  0.0091111  | 0.956 : 0.943 0.979 0.959 | 0.18, 0.05, 0.05 : 0.95, 0.99, 0.98 | 1.26, 0.44, 0.31 | 5 hr 03 min
 20  0.0086667  | 0.961 : 0.946 0.981 0.968 | 0.16, 0.05, 0.04 : 0.95, 0.99, 0.99 | 1.25, 0.44, 0.30 | 5 hr 18 min
 21  0.0082222  | 0.961 : 0.945 0.983 0.970 | 0.17, 0.05, 0.04 : 0.95, 0.99, 0.99 | 1.23, 0.43, 0.30 | 5 hr 34 min
 22  0.0077778  | 0.961 : 0.944 0.981 0.976 | 0.17, 0.05, 0.05 : 0.95, 0.99, 0.98 | 1.22, 0.43, 0.29 | 5 hr 49 min
 23  0.0073333  | 0.957 : 0.942 0.977 0.966 | 0.18, 0.07, 0.06 : 0.95, 0.98, 0.98 | 1.20, 0.42, 0.29 | 6 hr 04 min
 24  0.0068889  | 0.966 : 0.950 0.984 0.978 | 0.15, 0.04, 0.04 : 0.96, 0.99, 0.99 | 1.20, 0.42, 0.29 | 6 hr 20 min
 25  0.0064444  | 0.951 : 0.933 0.973 0.967 | 0.20, 0.08, 0.06 : 0.94, 0.98, 0.98 | 1.18, 0.41, 0.29 | 6 hr 35 min
 26  0.0060000  | 0.954 : 0.934 0.978 0.971 | 0.20, 0.07, 0.06 : 0.94, 0.98, 0.99 | 1.17, 0.41, 0.28 | 6 hr 50 min
 27  0.0055556  | 0.940 : 0.911 0.973 0.964 | 0.26, 0.07, 0.07 : 0.93, 0.98, 0.98 | 1.16, 0.40, 0.28 | 7 hr 05 min
 28  0.0051111  | 0.962 : 0.947 0.981 0.974 | 0.16, 0.06, 0.05 : 0.96, 0.99, 0.99 | 1.14, 0.40, 0.27 | 7 hr 21 min
 29  0.0046667  | 0.970 : 0.957 0.984 0.982 | 0.14, 0.05, 0.04 : 0.96, 0.99, 0.99 | 1.13, 0.40, 0.27 | 7 hr 36 min
 30  0.0042222  | 0.967 : 0.952 0.985 0.979 | 0.14, 0.04, 0.04 : 0.96, 0.99, 0.99 | 1.13, 0.39, 0.27 | 7 hr 51 min
 31  0.0037778  | 0.971 : 0.960 0.987 0.976 | 0.12, 0.04, 0.03 : 0.97, 0.99, 0.99 | 1.12, 0.39, 0.26 | 8 hr 07 min
 32  0.0033333  | 0.969 : 0.956 0.987 0.977 | 0.13, 0.04, 0.04 : 0.96, 0.99, 0.99 | 1.11, 0.38, 0.26 | 8 hr 22 min
 33  0.0028889  | 0.971 : 0.957 0.986 0.983 | 0.13, 0.04, 0.03 : 0.96, 0.99, 0.99 | 1.10, 0.38, 0.26 | 8 hr 37 min
 34  0.0024444  | 0.967 : 0.955 0.983 0.976 | 0.13, 0.05, 0.04 : 0.96, 0.99, 0.99 | 1.09, 0.38, 0.26 | 8 hr 53 min
 35  0.0020000  | 0.974 : 0.964 0.987 0.982 | 0.12, 0.04, 0.03 : 0.97, 0.99, 0.99 | 1.08, 0.37, 0.26 | 9 hr 08 min
 36  0.0015050  | 0.975 : 0.965 0.988 0.982 | 0.11, 0.03, 0.03 : 0.97, 0.99, 0.99 | 1.08, 0.37, 0.26 | 9 hr 24 min
 37  0.0010100  | 0.974 : 0.963 0.988 0.982 | 0.11, 0.04, 0.03 : 0.97, 0.99, 0.99 | 1.06, 0.37, 0.25 | 9 hr 39 min
 38  0.0005150  | 0.975 : 0.965 0.988 0.982 | 0.11, 0.03, 0.03 : 0.97, 0.99, 0.99 | 1.05, 0.37, 0.25 | 9 hr 54 min
  0  0.0005150  | 0.975 : 0.965 0.988 0.982 | 0.11, 0.03, 0.03 : 0.97, 0.99, 0.99 | 1.05, 0.37, 0.25 |10 hr 10 min
  1  0.0005150  | 0.975 : 0.966 0.989 0.980 | 0.11, 0.03, 0.03 : 0.97, 0.99, 0.99 | 1.06, 0.36, 0.25 |10 hr 25 min
  2  0.0005150  | 0.976 : 0.965 0.989 0.984 | 0.11, 0.03, 0.03 : 0.97, 0.99, 0.99 | 1.05, 0.36, 0.25 |10 hr 41 min
  3  0.0005150  | 0.975 : 0.964 0.988 0.984 | 0.11, 0.03, 0.03 : 0.97, 0.99, 0.99 | 1.06, 0.37, 0.25 |10 hr 56 min
  4  0.0005150  | 0.976 : 0.965 0.989 0.986 | 0.11, 0.04, 0.03 : 0.97, 0.99, 0.99 | 1.05, 0.36, 0.25 |11 hr 11 min
  5  0.0005150  | 0.976 : 0.965 0.988 0.985 | 0.11, 0.04, 0.03 : 0.97, 0.99, 0.99 | 1.05, 0.36, 0.25 |11 hr 27 min
  6  0.0002575  | 0.976 : 0.966 0.989 0.984 | 0.11, 0.03, 0.03 : 0.97, 0.99, 0.99 | 1.05, 0.36, 0.25 |11 hr 42 min
  7  0.0002575  | 0.977 : 0.966 0.989 0.986 | 0.11, 0.03, 0.03 : 0.97, 0.99, 0.99 | 1.05, 0.36, 0.25 |11 hr 58 min
  8  0.0002575  | 0.977 : 0.967 0.989 0.984 | 0.11, 0.03, 0.03 : 0.97, 0.99, 0.99 | 1.05, 0.36, 0.25 |12 hr 13 min

