
--- [START 2020-01-18_18-39-11] ----------------------------------------------------------------

@common.py:
set random seed
	SEED = 2019
set cuda environment
	torch.__version__              = 1.4.0
	torch.version.cuda             = 10.1
	torch.backends.cudnn.version() = 7603
	os['CUDA_VISIBLE_DEVICES']     = 0,1
	torch.cuda.device_count()      = 2



SEED     = 2019
out_dir  = results/densenet121/initial_head_densenet121_combined_crossentropy_over9000_lr0.002_150to128_mixup0.0_DAda7_MinLr0.002_MaxLr0.01_one_cycle_lr_PRETRAINED

** dataset setting **
batch_size = 128
train_dataset : 
	len = 170714


valid_dataset : 
	len = 30126



** net setting **
	initial_checkpoint = 
net=<class 'models.densenet.Dnet_1ch'>

optimizer
  Lookahead (
Parameter Group 0
    betas: (0.9, 0.999)
    eps: 1e-08
    lr: 0.002
    momentum: 0.95
    step_counter: 0
    weight_decay: 0
)
scheduler
  <utils.onecyclelr.OneCycleLR object at 0x7f75f0046450>

epochs=39
batch_size=128

** START TRAINING HERE! **


                |----------------------- VALID------------------------------------|------- TRAIN/BATCH -----------
epoch     rate  | kaggle                    | loss               acc              | loss             | time       
----------------------------------------------------------------------------------------------------------------------
  0  0.0020000  | 0.588 : 0.412 0.814 0.712 | 1.87, 0.54, 0.45 : 0.67, 0.90, 0.94 | 3.90, 1.31, 1.15 | 0 hr 08 min
  1  0.0024706  | 0.776 : 0.696 0.932 0.779 | 1.10, 0.33, 0.36 : 0.83, 0.96, 0.95 | 2.42, 0.82, 0.72 | 0 hr 17 min
  2  0.0029412  | 0.774 : 0.690 0.917 0.798 | 1.12, 0.31, 0.33 : 0.80, 0.95, 0.95 | 2.13, 0.73, 0.65 | 0 hr 26 min
  3  0.0034118  | 0.846 : 0.799 0.928 0.857 | 0.85, 0.27, 0.32 : 0.86, 0.96, 0.96 | 2.00, 0.69, 0.60 | 0 hr 35 min
  4  0.0038824  | 0.862 : 0.829 0.926 0.864 | 0.83, 0.25, 0.28 : 0.87, 0.96, 0.96 | 1.91, 0.65, 0.57 | 0 hr 44 min
  5  0.0043529  | 0.910 : 0.883 0.958 0.918 | 0.58, 0.20, 0.22 : 0.91, 0.98, 0.98 | 1.85, 0.63, 0.55 | 0 hr 54 min
  6  0.0048235  | 0.917 : 0.886 0.958 0.938 | 0.58, 0.18, 0.21 : 0.91, 0.98, 0.98 | 1.80, 0.62, 0.53 | 1 hr 03 min
  7  0.0052941  | 0.904 : 0.880 0.959 0.898 | 0.59, 0.19, 0.22 : 0.91, 0.97, 0.97 | 1.76, 0.60, 0.52 | 1 hr 12 min
  8  0.0057647  | 0.916 : 0.887 0.946 0.946 | 0.56, 0.18, 0.20 : 0.91, 0.97, 0.98 | 1.74, 0.59, 0.51 | 1 hr 21 min
  9  0.0062353  | 0.910 : 0.868 0.962 0.943 | 0.61, 0.18, 0.20 : 0.90, 0.98, 0.98 | 1.71, 0.58, 0.50 | 1 hr 30 min
 10  0.0067059  | 0.897 : 0.870 0.951 0.898 | 0.60, 0.19, 0.22 : 0.90, 0.97, 0.97 | 1.68, 0.58, 0.49 | 1 hr 39 min
 11  0.0071765  | 0.926 : 0.900 0.960 0.943 | 0.49, 0.16, 0.19 : 0.92, 0.98, 0.98 | 1.67, 0.57, 0.49 | 1 hr 48 min
 12  0.0076471  | 0.933 : 0.907 0.968 0.952 | 0.47, 0.15, 0.18 : 0.93, 0.98, 0.98 | 1.65, 0.56, 0.48 | 1 hr 57 min
 13  0.0081176  | 0.928 : 0.915 0.969 0.911 | 0.45, 0.14, 0.20 : 0.93, 0.98, 0.98 | 1.64, 0.56, 0.48 | 2 hr 06 min
 14  0.0085882  | 0.938 : 0.919 0.963 0.950 | 0.45, 0.15, 0.18 : 0.93, 0.98, 0.98 | 1.62, 0.55, 0.47 | 2 hr 15 min
 15  0.0090588  | 0.935 : 0.914 0.969 0.944 | 0.45, 0.14, 0.18 : 0.93, 0.98, 0.98 | 1.61, 0.55, 0.47 | 2 hr 24 min
 16  0.0095294  | 0.933 : 0.914 0.971 0.933 | 0.47, 0.14, 0.18 : 0.93, 0.98, 0.98 | 1.60, 0.55, 0.47 | 2 hr 33 min
 17  0.0100000  | 0.940 : 0.919 0.968 0.953 | 0.42, 0.14, 0.17 : 0.93, 0.98, 0.98 | 1.57, 0.54, 0.46 | 2 hr 42 min
 18  0.0095556  | 0.943 : 0.921 0.974 0.957 | 0.41, 0.13, 0.16 : 0.94, 0.98, 0.98 | 1.55, 0.53, 0.45 | 2 hr 51 min
 19  0.0091111  | 0.945 : 0.924 0.977 0.954 | 0.40, 0.13, 0.16 : 0.94, 0.98, 0.98 | 1.53, 0.53, 0.45 | 3 hr 00 min
 20  0.0086667  | 0.942 : 0.921 0.971 0.954 | 0.40, 0.13, 0.16 : 0.94, 0.98, 0.98 | 1.52, 0.52, 0.44 | 3 hr 09 min
 21  0.0082222  | 0.946 : 0.926 0.976 0.957 | 0.38, 0.12, 0.15 : 0.94, 0.98, 0.98 | 1.49, 0.51, 0.43 | 3 hr 18 min
 22  0.0077778  | 0.949 : 0.933 0.977 0.953 | 0.35, 0.12, 0.15 : 0.94, 0.98, 0.98 | 1.48, 0.50, 0.43 | 3 hr 27 min
 23  0.0073333  | 0.953 : 0.938 0.978 0.957 | 0.34, 0.11, 0.14 : 0.95, 0.99, 0.98 | 1.45, 0.50, 0.42 | 3 hr 36 min
 24  0.0068889  | 0.950 : 0.931 0.978 0.958 | 0.34, 0.11, 0.15 : 0.95, 0.99, 0.98 | 1.44, 0.49, 0.42 | 3 hr 45 min
 25  0.0064444  | 0.952 : 0.935 0.977 0.963 | 0.34, 0.11, 0.14 : 0.95, 0.99, 0.98 | 1.43, 0.49, 0.41 | 3 hr 54 min
 26  0.0060000  | 0.956 : 0.941 0.979 0.965 | 0.32, 0.11, 0.13 : 0.95, 0.99, 0.99 | 1.41, 0.49, 0.41 | 4 hr 03 min
 27  0.0055556  | 0.955 : 0.939 0.978 0.965 | 0.31, 0.11, 0.14 : 0.95, 0.99, 0.99 | 1.40, 0.48, 0.40 | 4 hr 12 min
 28  0.0051111  | 0.952 : 0.936 0.981 0.956 | 0.31, 0.11, 0.14 : 0.95, 0.99, 0.99 | 1.38, 0.47, 0.40 | 4 hr 21 min
 29  0.0046667  | 0.959 : 0.943 0.982 0.969 | 0.30, 0.11, 0.13 : 0.95, 0.99, 0.99 | 1.37, 0.47, 0.39 | 4 hr 30 min
 30  0.0042222  | 0.961 : 0.945 0.980 0.972 | 0.29, 0.10, 0.13 : 0.95, 0.99, 0.99 | 1.37, 0.47, 0.39 | 4 hr 39 min
 31  0.0037778  | 0.962 : 0.947 0.983 0.971 | 0.28, 0.10, 0.12 : 0.96, 0.99, 0.99 | 1.36, 0.47, 0.39 | 4 hr 48 min
 32  0.0033333  | 0.963 : 0.948 0.983 0.973 | 0.27, 0.09, 0.13 : 0.96, 0.99, 0.99 | 1.34, 0.46, 0.38 | 4 hr 57 min
 33  0.0028889  | 0.964 : 0.948 0.983 0.975 | 0.27, 0.09, 0.12 : 0.96, 0.99, 0.99 | 1.32, 0.46, 0.38 | 5 hr 06 min
 34  0.0024444  | 0.966 : 0.952 0.984 0.976 | 0.26, 0.09, 0.12 : 0.96, 0.99, 0.99 | 1.31, 0.45, 0.37 | 5 hr 16 min
 35  0.0020000  | 0.964 : 0.949 0.985 0.975 | 0.26, 0.09, 0.12 : 0.96, 0.99, 0.99 | 1.30, 0.45, 0.37 | 5 hr 25 min
 36  0.0015050  | 0.964 : 0.954 0.983 0.965 | 0.25, 0.09, 0.12 : 0.96, 0.99, 0.99 | 1.30, 0.45, 0.37 | 5 hr 34 min
 37  0.0010100  | 0.967 : 0.953 0.985 0.978 | 0.25, 0.09, 0.12 : 0.96, 0.99, 0.99 | 1.29, 0.45, 0.37 | 5 hr 43 min
 38  0.0005150  | 0.968 : 0.956 0.985 0.975 | 0.25, 0.09, 0.11 : 0.96, 0.99, 0.99 | 1.28, 0.44, 0.37 | 5 hr 52 min

