
--- [START 2020-01-22_14-13-45] ----------------------------------------------------------------

@common.py:
set random seed
	SEED = 2019
set cuda environment
	torch.__version__              = 1.3.1
	torch.version.cuda             = 10.1.243
	torch.backends.cudnn.version() = 7603
	os['CUDA_VISIBLE_DEVICES']     = 1
	torch.cuda.device_count()      = 1



SEED     = 2019
out_dir  = results/densenet121/initial_head_densenet121_combined_crossentropy_over9000_lr0.002_150to128_mixup0.4_DAda6_MinLr0.002_MaxLr0.01_one_cycle_lr_PRETRAINED

** dataset setting **
batch_size = 128
train_dataset : 
	len = 170714


valid_dataset : 
	len = 30126



** net setting **
	initial_checkpoint = 
net=<class 'torch.nn.parallel.data_parallel.DataParallel'>

optimizer
  Lookahead (
Parameter Group 0
    betas: (0.9, 0.999)
    eps: 1e-08
    lr: 0.002
    momentum: 0.95
    step_counter: 0
    weight_decay: 0
)
scheduler
  <utils.onecyclelr.OneCycleLR object at 0x7f7ba9256690>

epochs=40
batch_size=128

mixup_prob=0.400000
mixup_alpha=0.400000
cutmix_prob=0.350000
cutmix_alpha=1.000000

** START TRAINING HERE! **


                |----------------------- VALID------------------------------------|------- TRAIN/BATCH ----
epoch     rate  | kaggle                    | loss               acc              | loss   | time       
-----------------------------------------------------------------------------------------------------------
  0  0.0020000  | 0.686 : 0.555 0.873 0.761 | 1.51, 0.49, 0.47 : 0.76, 0.91, 0.94 | 0.0449 | 0 hr 08 min
  1  0.0024444  | 0.819 : 0.762 0.926 0.825 | 0.91, 0.37, 0.45 : 0.86, 0.95, 0.94 | 0.0285 | 0 hr 17 min
  2  0.0028889  | 0.862 : 0.832 0.934 0.848 | 0.80, 0.34, 0.41 : 0.87, 0.96, 0.95 | 0.0254 | 0 hr 26 min
  3  0.0033333  | 0.852 : 0.803 0.922 0.881 | 0.94, 0.27, 0.37 : 0.84, 0.96, 0.96 | 0.0241 | 0 hr 35 min
  4  0.0037778  | 0.857 : 0.792 0.939 0.906 | 0.86, 0.25, 0.36 : 0.85, 0.96, 0.96 | 0.0237 | 0 hr 44 min
  5  0.0042222  | 0.929 : 0.903 0.968 0.940 | 0.53, 0.18, 0.23 : 0.92, 0.98, 0.98 | 0.0217 | 0 hr 53 min
  6  0.0046667  | 0.924 : 0.899 0.964 0.933 | 0.52, 0.18, 0.26 : 0.92, 0.98, 0.97 | 0.0225 | 1 hr 02 min
  7  0.0051111  | 0.922 : 0.893 0.962 0.940 | 0.50, 0.18, 0.23 : 0.92, 0.98, 0.98 | 0.0225 | 1 hr 11 min
  8  0.0055556  | 0.918 : 0.896 0.962 0.920 | 0.50, 0.15, 0.27 : 0.92, 0.98, 0.97 | 0.0214 | 1 hr 20 min
  9  0.0060000  | 0.910 : 0.867 0.968 0.938 | 0.53, 0.19, 0.29 : 0.91, 0.98, 0.97 | 0.0203 | 1 hr 29 min
 10  0.0064444  | 0.917 : 0.894 0.959 0.921 | 0.53, 0.18, 0.28 : 0.91, 0.97, 0.97 | 0.0212 | 1 hr 38 min
 11  0.0068889  | 0.930 : 0.917 0.967 0.920 | 0.44, 0.18, 0.26 : 0.93, 0.98, 0.98 | 0.0209 | 1 hr 47 min
 12  0.0073333  | 0.933 : 0.903 0.967 0.958 | 0.46, 0.17, 0.20 : 0.92, 0.98, 0.98 | 0.0204 | 1 hr 56 min
 13  0.0077778  | 0.934 : 0.911 0.968 0.946 | 0.44, 0.16, 0.20 : 0.93, 0.98, 0.98 | 0.0201 | 2 hr 05 min
 14  0.0082222  | 0.929 : 0.899 0.971 0.946 | 0.45, 0.15, 0.24 : 0.92, 0.98, 0.98 | 0.0204 | 2 hr 13 min
 15  0.0086667  | 0.933 : 0.909 0.963 0.953 | 0.47, 0.22, 0.25 : 0.92, 0.98, 0.98 | 0.0199 | 2 hr 22 min
 16  0.0091111  | 0.925 : 0.899 0.968 0.936 | 0.49, 0.16, 0.26 : 0.91, 0.98, 0.98 | 0.0197 | 2 hr 31 min
 17  0.0095556  | 0.949 : 0.927 0.977 0.964 | 0.39, 0.15, 0.18 : 0.94, 0.98, 0.98 | 0.0205 | 2 hr 40 min
 18  0.0100000  | 0.943 : 0.921 0.973 0.955 | 0.40, 0.13, 0.17 : 0.93, 0.98, 0.98 | 0.0191 | 2 hr 49 min
 19  0.0095556  | 0.945 : 0.925 0.975 0.956 | 0.36, 0.14, 0.23 : 0.94, 0.98, 0.98 | 0.0182 | 2 hr 58 min
 20  0.0091111  | 0.948 : 0.926 0.975 0.965 | 0.36, 0.13, 0.24 : 0.94, 0.98, 0.98 | 0.0183 | 3 hr 07 min
 21  0.0086667  | 0.951 : 0.928 0.977 0.970 | 0.36, 0.13, 0.15 : 0.94, 0.98, 0.98 | 0.0182 | 3 hr 16 min
 22  0.0082222  | 0.951 : 0.933 0.977 0.961 | 0.36, 0.13, 0.16 : 0.94, 0.98, 0.98 | 0.0177 | 3 hr 25 min
 23  0.0077778  | 0.953 : 0.932 0.980 0.968 | 0.34, 0.12, 0.15 : 0.94, 0.99, 0.99 | 0.0180 | 3 hr 34 min
 24  0.0073333  | 0.954 : 0.935 0.980 0.967 | 0.33, 0.12, 0.16 : 0.95, 0.99, 0.99 | 0.0174 | 3 hr 43 min
 25  0.0068889  | 0.955 : 0.935 0.977 0.972 | 0.32, 0.12, 0.16 : 0.95, 0.99, 0.99 | 0.0171 | 3 hr 52 min
 26  0.0064444  | 0.957 : 0.939 0.981 0.969 | 0.32, 0.11, 0.14 : 0.95, 0.99, 0.99 | 0.0177 | 4 hr 00 min
 27  0.0060000  | 0.959 : 0.940 0.981 0.974 | 0.30, 0.10, 0.14 : 0.95, 0.99, 0.99 | 0.0175 | 4 hr 09 min
 28  0.0055556  | 0.959 : 0.943 0.980 0.969 | 0.30, 0.11, 0.15 : 0.95, 0.99, 0.99 | 0.0172 | 4 hr 18 min
 29  0.0051111  | 0.959 : 0.943 0.984 0.965 | 0.29, 0.10, 0.14 : 0.95, 0.99, 0.99 | 0.0163 | 4 hr 27 min
 30  0.0046667  | 0.959 : 0.942 0.983 0.969 | 0.29, 0.11, 0.16 : 0.95, 0.99, 0.99 | 0.0163 | 4 hr 36 min
 31  0.0042222  | 0.962 : 0.943 0.984 0.978 | 0.28, 0.10, 0.14 : 0.95, 0.99, 0.99 | 0.0167 | 4 hr 45 min
 32  0.0037778  | 0.962 : 0.942 0.983 0.979 | 0.28, 0.10, 0.13 : 0.95, 0.99, 0.99 | 0.0162 | 4 hr 54 min
 33  0.0033333  | 0.961 : 0.945 0.984 0.970 | 0.28, 0.10, 0.13 : 0.95, 0.99, 0.99 | 0.0163 | 5 hr 03 min
 34  0.0028889  | 0.960 : 0.942 0.984 0.973 | 0.29, 0.11, 0.14 : 0.95, 0.99, 0.99 | 0.0166 | 5 hr 12 min
 35  0.0024444  | 0.964 : 0.950 0.986 0.971 | 0.26, 0.09, 0.12 : 0.96, 0.99, 0.99 | 0.0155 | 5 hr 21 min
 36  0.0020000  | 0.964 : 0.949 0.984 0.975 | 0.27, 0.09, 0.12 : 0.96, 0.99, 0.99 | 0.0156 | 5 hr 30 min
 37  0.0015050  | 0.966 : 0.952 0.985 0.975 | 0.26, 0.10, 0.12 : 0.96, 0.99, 0.99 | 0.0164 | 5 hr 39 min
 38  0.0010100  | 0.967 : 0.954 0.984 0.978 | 0.25, 0.09, 0.12 : 0.96, 0.99, 0.99 | 0.0154 | 5 hr 48 min
 39  0.0005150  | 0.969 : 0.954 0.985 0.980 | 0.25, 0.09, 0.12 : 0.96, 0.99, 0.99 | 0.0149 | 5 hr 57 min

