
--- [START 2020-01-22_22-34-09] ----------------------------------------------------------------

@common.py:
set random seed
	SEED = 2019
set cuda environment
	torch.__version__              = 1.3.1
	torch.version.cuda             = 10.1.243
	torch.backends.cudnn.version() = 7603
	os['CUDA_VISIBLE_DEVICES']     = 0,1
	torch.cuda.device_count()      = 2



SEED     = 2019
out_dir  = results/seresnext101/initial_head_seresnext101_combined_crossentropy_over9000_lr0.002_150to128_mixup0.4_DAda7b_MinLr0.002_MaxLr0.01_one_cycle_lr_gradClipping1.0_PRETRAINED

** dataset setting **
batch_size = 128
train_dataset : 
	len = 170714


valid_dataset : 
	len = 30126



** net setting **
	initial_checkpoint = 
net=<class 'torch.nn.parallel.data_parallel.DataParallel'>

optimizer
  Lookahead (
Parameter Group 0
    betas: (0.9, 0.999)
    eps: 1e-08
    lr: 0.002
    momentum: 0.95
    step_counter: 0
    weight_decay: 0
)
scheduler
  <utils.onecyclelr.OneCycleLR object at 0x7fc0e4af2710>

epochs=29
batch_size=128
grad_clip=1

** START TRAINING HERE! **


                |----------------------- VALID------------------------------------|------- TRAIN/BATCH ----
epoch     rate  | kaggle                    | loss               acc              | loss   | time       
-----------------------------------------------------------------------------------------------------------
/home/maparla/DeepLearning/Work/heng_bengali/utils/training.py:466: UserWarning: torch.nn.utils.clip_grad_norm is now deprecated in favor of torch.nn.utils.clip_grad_norm_.
  torch.nn.utils.clip_grad_norm(net.parameters(), clipping)
  0  0.0020000  | 0.888 : 0.831 0.952 0.937 | 0.45, 0.11, 0.12 : 0.87, 0.97, 0.97 | 0.0277 | 0 hr 18 min
  1  0.0026154  | 0.912 : 0.871 0.952 0.953 | 0.37, 0.10, 0.09 : 0.89, 0.97, 0.97 | 0.0146 | 0 hr 36 min
  2  0.0032308  | 0.919 : 0.878 0.964 0.955 | 0.39, 0.09, 0.09 : 0.89, 0.98, 0.97 | 0.0131 | 0 hr 54 min
  3  0.0038462  | 0.928 : 0.899 0.962 0.950 | 0.30, 0.10, 0.10 : 0.92, 0.97, 0.97 | 0.0121 | 1 hr 12 min
  4  0.0044615  | 0.936 : 0.907 0.958 0.970 | 0.29, 0.09, 0.08 : 0.92, 0.97, 0.98 | 0.0115 | 1 hr 30 min
  5  0.0050769  | 0.950 : 0.927 0.979 0.965 | 0.21, 0.06, 0.06 : 0.94, 0.98, 0.98 | 0.0109 | 1 hr 49 min
  6  0.0056923  | 0.951 : 0.930 0.979 0.965 | 0.21, 0.06, 0.06 : 0.94, 0.98, 0.98 | 0.0104 | 2 hr 07 min
  7  0.0063077  | 0.951 : 0.931 0.979 0.965 | 0.20, 0.06, 0.05 : 0.94, 0.99, 0.98 | 0.0099 | 2 hr 25 min
  8  0.0069231  | 0.953 : 0.936 0.974 0.967 | 0.19, 0.06, 0.06 : 0.95, 0.98, 0.98 | 0.0096 | 2 hr 44 min
  9  0.0075385  | 0.959 : 0.942 0.979 0.976 | 0.19, 0.06, 0.05 : 0.95, 0.99, 0.98 | 0.0094 | 3 hr 02 min
 10  0.0081538  | 0.957 : 0.939 0.980 0.970 | 0.19, 0.06, 0.06 : 0.95, 0.99, 0.98 | 0.0091 | 3 hr 20 min
 11  0.0087692  | 0.962 : 0.947 0.981 0.972 | 0.17, 0.05, 0.05 : 0.95, 0.99, 0.99 | 0.0090 | 3 hr 38 min
 12  0.0093846  | 0.960 : 0.945 0.981 0.969 | 0.17, 0.05, 0.05 : 0.95, 0.99, 0.99 | 0.0088 | 3 hr 56 min
 13  0.0100000  | 0.965 : 0.950 0.983 0.978 | 0.16, 0.05, 0.05 : 0.96, 0.99, 0.99 | 0.0087 | 4 hr 15 min
 14  0.0093846  | 0.964 : 0.949 0.984 0.974 | 0.16, 0.05, 0.04 : 0.96, 0.99, 0.99 | 0.0083 | 4 hr 33 min
 15  0.0087692  | 0.966 : 0.952 0.983 0.975 | 0.15, 0.05, 0.05 : 0.96, 0.99, 0.99 | 0.0081 | 4 hr 51 min
 16  0.0081538  | 0.967 : 0.952 0.984 0.979 | 0.15, 0.05, 0.04 : 0.96, 0.99, 0.99 | 0.0078 | 5 hr 09 min
 17  0.0075385  | 0.970 : 0.959 0.986 0.977 | 0.14, 0.04, 0.04 : 0.96, 0.99, 0.99 | 0.0076 | 5 hr 27 min
 18  0.0069231  | 0.969 : 0.957 0.986 0.976 | 0.14, 0.04, 0.04 : 0.96, 0.99, 0.99 | 0.0073 | 5 hr 46 min
 19  0.0063077  | 0.970 : 0.957 0.985 0.983 | 0.13, 0.04, 0.04 : 0.96, 0.99, 0.99 | 0.0071 | 6 hr 04 min
 20  0.0056923  | 0.972 : 0.958 0.987 0.985 | 0.13, 0.04, 0.04 : 0.96, 0.99, 0.99 | 0.0070 | 6 hr 22 min
 21  0.0050769  | 0.971 : 0.961 0.987 0.976 | 0.12, 0.04, 0.04 : 0.97, 0.99, 0.99 | 0.0068 | 6 hr 40 min
 22  0.0044615  | 0.974 : 0.962 0.988 0.983 | 0.12, 0.04, 0.03 : 0.97, 0.99, 0.99 | 0.0067 | 6 hr 59 min
 23  0.0038462  | 0.973 : 0.965 0.988 0.975 | 0.12, 0.04, 0.03 : 0.97, 0.99, 0.99 | 0.0064 | 7 hr 17 min
 24  0.0032308  | 0.975 : 0.964 0.990 0.982 | 0.12, 0.04, 0.03 : 0.97, 0.99, 0.99 | 0.0063 | 7 hr 35 min
 25  0.0026154  | 0.975 : 0.965 0.988 0.983 | 0.12, 0.04, 0.03 : 0.97, 0.99, 0.99 | 0.0062 | 7 hr 53 min
 26  0.0020000  | 0.976 : 0.965 0.989 0.984 | 0.12, 0.04, 0.03 : 0.97, 0.99, 0.99 | 0.0061 | 8 hr 11 min
 27  0.0013400  | 0.976 : 0.967 0.989 0.983 | 0.11, 0.04, 0.03 : 0.97, 0.99, 0.99 | 0.0059 | 8 hr 30 min
 28  0.0006800  | 0.977 : 0.967 0.988 0.984 | 0.11, 0.04, 0.03 : 0.97, 0.99, 0.99 | 0.0058 | 8 hr 48 min

