Checkpoint! Loading from: best_model.pth

--- [START 2020-03-03_23-05-56] ----------------------------------------------------------------

@common.py:
set random seed
	SEED = 2019
set cuda environment
	torch.__version__              = 1.4.0
	torch.version.cuda             = 10.1
	torch.backends.cudnn.version() = 7603
	os['CUDA_VISIBLE_DEVICES']     = 0,1
	torch.cuda.device_count()      = 2



SEED     = 2019
out_dir  = results/seresnext101/initial_head_seresnext101_combined_crossentropy_sgd_lr0.01_224to224_mixup0.4_DAda7b_MinLr0.01_MaxLr0.01_steps_gradClipping1.0_PRETRAINED_ApplySWA

** dataset setting **
batch_size = 50
train_dataset : 
	len = 180756


valid_dataset : 
	len = 20084



** net setting **
	initial_checkpoint = best_model.pth
net=<class 'torch.nn.parallel.data_parallel.DataParallel'>

optimizer
  SWA (
Parameter Group 0
    dampening: 0
    lr: 0.01
    momentum: 0.0
    n_avg: 0
    nesterov: False
    step_counter: 0
    weight_decay: 0.0
)
scheduler
  (Exp) Decay Learning Rates
base_lr=0.010, decay=0.100, step=50.000

epochs=50
batch_size=50

mixup_prob=0.00
mixup_alpha=0.40
cutmix_prob=0.00
cutmix_alpha=1.00
grad_clip=1.000000

** START TRAINING HERE! **


                |----------------------- VALID------------------------------------|------- TRAIN/BATCH ----
epoch     rate  | kaggle                    | loss               acc              | loss   | time       
-----------------------------------------------------------------------------------------------------------
  0  0.0100000  | 0.975 : 0.964 0.990 0.984 | 0.14, 0.05, 0.04 : 0.97, 0.99, 0.99 | 0.0022 | 0 hr 44 min
  1  0.0100000  | 0.977 : 0.967 0.989 0.985 | 0.13, 0.04, 0.04 : 0.97, 0.99, 0.99 | 0.0024 | 1 hr 29 min
  2  0.0100000  | 0.979 : 0.969 0.990 0.989 | 0.13, 0.04, 0.04 : 0.97, 0.99, 0.99 | 0.0026 | 2 hr 13 min
  3  0.0100000  | 0.977 : 0.966 0.990 0.985 | 0.13, 0.04, 0.04 : 0.97, 0.99, 0.99 | 0.0026 | 2 hr 57 min
  4  0.0100000  | 0.976 : 0.965 0.989 0.984 | 0.13, 0.04, 0.04 : 0.97, 0.99, 0.99 | 0.0026 | 3 hr 44 min
  5  0.0100000  | 0.976 : 0.968 0.989 0.978 | 0.13, 0.04, 0.04 : 0.97, 0.99, 0.99 | 0.0026 | 4 hr 29 min
  6  0.0100000  | 0.975 : 0.962 0.989 0.990 | 0.14, 0.04, 0.05 : 0.97, 0.99, 0.99 | 0.0025 | 5 hr 16 min
  7  0.0100000  | 0.973 : 0.958 0.989 0.984 | 0.15, 0.04, 0.04 : 0.96, 0.99, 0.99 | 0.0025 | 6 hr 00 min
  8  0.0100000  | 0.978 : 0.970 0.989 0.985 | 0.13, 0.04, 0.04 : 0.97, 0.99, 0.99 | 0.0025 | 6 hr 46 min
  9  0.0100000  | 0.976 : 0.968 0.987 0.983 | 0.14, 0.04, 0.04 : 0.97, 0.99, 0.99 | 0.0025 | 7 hr 32 min
 10  0.0100000  | 0.974 : 0.963 0.988 0.985 | 0.14, 0.05, 0.04 : 0.97, 0.99, 0.99 | 0.0024 | 8 hr 17 min
 11  0.0100000  | 0.977 : 0.967 0.989 0.986 | 0.13, 0.05, 0.04 : 0.97, 0.99, 0.99 | 0.0024 | 9 hr 03 min
 12  0.0100000  | 0.979 : 0.970 0.991 0.986 | 0.12, 0.04, 0.04 : 0.97, 0.99, 0.99 | 0.0023 | 9 hr 48 min
 13  0.0100000  | 0.975 : 0.967 0.989 0.979 | 0.14, 0.04, 0.04 : 0.97, 0.99, 0.99 | 0.0024 |10 hr 34 min
 14  0.0100000  | 0.974 : 0.961 0.989 0.985 | 0.16, 0.05, 0.04 : 0.97, 0.99, 0.99 | 0.0024 |11 hr 19 min
 15  0.0100000  | 0.978 : 0.966 0.989 0.990 | 0.13, 0.04, 0.04 : 0.97, 0.99, 0.99 | 0.0023 |12 hr 04 min
 16  0.0100000  | 0.977 : 0.968 0.989 0.983 | 0.13, 0.04, 0.04 : 0.97, 0.99, 0.99 | 0.0023 |12 hr 49 min
 17  0.0100000  | 0.978 : 0.967 0.990 0.989 | 0.13, 0.04, 0.04 : 0.97, 0.99, 0.99 | 0.0022 |13 hr 35 min
 18  0.0100000  | 0.980 : 0.969 0.991 0.991 | 0.12, 0.04, 0.04 : 0.97, 0.99, 0.99 | 0.0023 |14 hr 20 min
 19  0.0100000  | 0.978 : 0.966 0.988 0.989 | 0.14, 0.05, 0.04 : 0.97, 0.99, 0.99 | 0.0022 |15 hr 06 min
 20  0.0100000  | 0.978 : 0.967 0.989 0.988 | 0.14, 0.05, 0.04 : 0.97, 0.99, 0.99 | 0.0023 |15 hr 52 min
 21  0.0100000  | 0.978 : 0.966 0.990 0.988 | 0.14, 0.04, 0.04 : 0.97, 0.99, 0.99 | 0.0022 |16 hr 38 min
 22  0.0100000  | 0.979 : 0.968 0.989 0.991 | 0.13, 0.05, 0.04 : 0.97, 0.99, 0.99 | 0.0022 |17 hr 23 min
 23  0.0100000  | 0.978 : 0.966 0.991 0.989 | 0.14, 0.04, 0.04 : 0.97, 0.99, 0.99 | 0.0021 |18 hr 08 min
 24  0.0100000  | 0.978 : 0.968 0.991 0.986 | 0.13, 0.04, 0.04 : 0.97, 0.99, 0.99 | 0.0022 |18 hr 54 min
 25  0.0100000  | 0.978 : 0.969 0.990 0.985 | 0.13, 0.04, 0.04 : 0.97, 0.99, 0.99 | 0.0021 |19 hr 40 min
 26  0.0100000  | 0.979 : 0.969 0.989 0.990 | 0.14, 0.05, 0.04 : 0.97, 0.99, 0.99 | 0.0021 |20 hr 26 min
 27  0.0100000  | 0.978 : 0.966 0.990 0.988 | 0.13, 0.04, 0.04 : 0.97, 0.99, 0.99 | 0.0021 |21 hr 12 min
 28  0.0100000  | 0.978 : 0.969 0.989 0.986 | 0.13, 0.05, 0.04 : 0.97, 0.99, 0.99 | 0.0021 |21 hr 57 min
 29  0.0100000  | 0.976 : 0.966 0.990 0.983 | 0.13, 0.04, 0.04 : 0.97, 0.99, 0.99 | 0.0020 |22 hr 44 min
 30  0.0100000  | 0.977 : 0.968 0.991 0.982 | 0.14, 0.05, 0.04 : 0.97, 0.99, 0.99 | 0.0021 |23 hr 29 min
 31  0.0100000  | 0.977 : 0.968 0.989 0.982 | 0.13, 0.04, 0.04 : 0.97, 0.99, 0.99 | 0.0020 |24 hr 15 min
 32  0.0100000  | 0.973 : 0.959 0.989 0.984 | 0.16, 0.05, 0.05 : 0.97, 0.99, 0.99 | 0.0020 |24 hr 59 min
 33  0.0100000  | 0.979 : 0.968 0.991 0.990 | 0.13, 0.04, 0.04 : 0.97, 0.99, 0.99 | 0.0020 |25 hr 46 min
 34  0.0100000  | 0.979 : 0.971 0.990 0.984 | 0.12, 0.05, 0.04 : 0.97, 0.99, 0.99 | 0.0020 |26 hr 31 min
 35  0.0100000  | 0.979 : 0.970 0.989 0.987 | 0.13, 0.05, 0.04 : 0.97, 0.99, 0.99 | 0.0019 |27 hr 15 min
 36  0.0100000  | 0.979 : 0.968 0.990 0.988 | 0.13, 0.04, 0.04 : 0.97, 0.99, 0.99 | 0.0020 |28 hr 01 min
 37  0.0100000  | 0.979 : 0.969 0.990 0.988 | 0.12, 0.04, 0.04 : 0.97, 0.99, 0.99 | 0.0020 |28 hr 48 min
 38  0.0100000  | 0.978 : 0.968 0.988 0.989 | 0.14, 0.05, 0.04 : 0.97, 0.99, 0.99 | 0.0019 |29 hr 33 min
 39  0.0100000  | 0.978 : 0.969 0.990 0.986 | 0.13, 0.04, 0.03 : 0.97, 0.99, 0.99 | 0.0019 |30 hr 17 min
 40  0.0100000  | 0.980 : 0.970 0.991 0.989 | 0.13, 0.04, 0.04 : 0.97, 0.99, 0.99 | 0.0019 |31 hr 02 min
 41  0.0100000  | 0.979 : 0.970 0.990 0.985 | 0.13, 0.04, 0.04 : 0.97, 0.99, 0.99 | 0.0019 |31 hr 47 min
 42  0.0100000  | 0.980 : 0.970 0.990 0.990 | 0.12, 0.04, 0.04 : 0.97, 0.99, 0.99 | 0.0019 |32 hr 33 min
 43  0.0100000  | 0.978 : 0.968 0.989 0.988 | 0.14, 0.05, 0.04 : 0.97, 0.99, 0.99 | 0.0019 |33 hr 20 min
 44  0.0100000  | 0.977 : 0.967 0.990 0.987 | 0.14, 0.05, 0.04 : 0.97, 0.99, 0.99 | 0.0018 |34 hr 06 min
 45  0.0100000  | 0.978 : 0.968 0.991 0.986 | 0.13, 0.04, 0.04 : 0.97, 0.99, 0.99 | 0.0019 |34 hr 50 min
 46  0.0100000  | 0.978 : 0.969 0.991 0.983 | 0.13, 0.04, 0.04 : 0.97, 0.99, 0.99 | 0.0018 |35 hr 35 min
 47  0.0100000  | 0.978 : 0.968 0.991 0.987 | 0.13, 0.05, 0.04 : 0.97, 0.99, 0.99 | 0.0018 |36 hr 20 min
 48  0.0100000  | 0.980 : 0.969 0.990 0.991 | 0.13, 0.05, 0.04 : 0.97, 0.99, 0.99 | 0.0018 |37 hr 06 min
 49  0.0100000  | 0.978 : 0.969 0.990 0.986 | 0.13, 0.04, 0.04 : 0.97, 0.99, 0.99 | 0.0018 |37 hr 54 min

Checkpoint! Loading from: best_model.pth

--- [START 2020-03-05_13-12-47] ----------------------------------------------------------------

@common.py:
set random seed
	SEED = 2019
set cuda environment
	torch.__version__              = 1.4.0
	torch.version.cuda             = 10.1
	torch.backends.cudnn.version() = 7603
	os['CUDA_VISIBLE_DEVICES']     = 0,1
	torch.cuda.device_count()      = 2



SEED     = 2019
out_dir  = results/seresnext101/initial_head_seresnext101_combined_crossentropy_sgd_lr0.05_224to224_mixup0.4_DAda7b_MinLr0.05_MaxLr0.05_steps_gradClipping1.0_PRETRAINED_ApplySWA

** dataset setting **
batch_size = 50
train_dataset : 
	len = 180756


valid_dataset : 
	len = 20084



** net setting **
	initial_checkpoint = best_model.pth
net=<class 'torch.nn.parallel.data_parallel.DataParallel'>

optimizer
  SWA (
Parameter Group 0
    dampening: 0
    lr: 0.05
    momentum: 0.0
    n_avg: 0
    nesterov: False
    step_counter: 0
    weight_decay: 0.0
)
scheduler
  (Exp) Decay Learning Rates
base_lr=0.050, decay=0.100, step=50.000

epochs=50
batch_size=50

mixup_prob=0.00
mixup_alpha=0.40
cutmix_prob=0.00
cutmix_alpha=1.00
grad_clip=1.000000

** START TRAINING HERE! **


                |----------------------- VALID------------------------------------|------- TRAIN/BATCH ----
epoch     rate  | kaggle                    | loss               acc              | loss   | time       
-----------------------------------------------------------------------------------------------------------
  0  0.0500000  | 0.943 : 0.921 0.973 0.956 | 0.26, 0.07, 0.06 : 0.93, 0.98, 0.98 | 0.0125 | 0 hr 44 min
  1  0.0500000  | 0.953 : 0.936 0.976 0.964 | 0.21, 0.07, 0.05 : 0.95, 0.98, 0.98 | 0.0096 | 1 hr 29 min
  2  0.0500000  | 0.961 : 0.943 0.979 0.981 | 0.18, 0.05, 0.05 : 0.95, 0.99, 0.99 | 0.0082 | 2 hr 17 min
  3  0.0500000  | 0.966 : 0.948 0.982 0.986 | 0.17, 0.05, 0.04 : 0.95, 0.99, 0.99 | 0.0073 | 3 hr 03 min
  4  0.0500000  | 0.970 : 0.956 0.986 0.982 | 0.16, 0.04, 0.04 : 0.96, 0.99, 0.99 | 0.0065 | 3 hr 48 min
  5  0.0500000  | 0.973 : 0.964 0.986 0.979 | 0.14, 0.04, 0.04 : 0.96, 0.99, 0.99 | 0.0060 | 4 hr 33 min
  6  0.0500000  | 0.969 : 0.954 0.984 0.984 | 0.16, 0.05, 0.05 : 0.96, 0.99, 0.99 | 0.0057 | 5 hr 20 min
  7  0.0500000  | 0.973 : 0.963 0.984 0.982 | 0.13, 0.04, 0.04 : 0.97, 0.99, 0.99 | 0.0052 | 6 hr 07 min
  8  0.0500000  | 0.973 : 0.963 0.987 0.979 | 0.13, 0.04, 0.04 : 0.97, 0.99, 0.99 | 0.0049 | 6 hr 52 min
  9  0.0500000  | 0.963 : 0.950 0.980 0.972 | 0.18, 0.05, 0.05 : 0.96, 0.99, 0.99 | 0.0047 | 7 hr 37 min
 10  0.0500000  | 0.979 : 0.969 0.989 0.988 | 0.12, 0.04, 0.04 : 0.97, 0.99, 0.99 | 0.0045 | 8 hr 21 min
 11  0.0500000  | 0.977 : 0.965 0.990 0.988 | 0.13, 0.04, 0.04 : 0.97, 0.99, 0.99 | 0.0042 | 9 hr 07 min
 12  0.0500000  | 0.978 : 0.967 0.988 0.990 | 0.13, 0.04, 0.04 : 0.97, 0.99, 0.99 | 0.0041 | 9 hr 53 min
 13  0.0500000  | 0.977 : 0.968 0.988 0.984 | 0.12, 0.04, 0.04 : 0.97, 0.99, 0.99 | 0.0039 |10 hr 40 min
 14  0.0500000  | 0.978 : 0.968 0.989 0.987 | 0.12, 0.04, 0.03 : 0.97, 0.99, 0.99 | 0.0038 |11 hr 25 min
 15  0.0500000  | 0.978 : 0.968 0.990 0.989 | 0.12, 0.04, 0.03 : 0.97, 0.99, 0.99 | 0.0037 |12 hr 10 min
 16  0.0500000  | 0.976 : 0.968 0.985 0.985 | 0.12, 0.04, 0.04 : 0.97, 0.99, 0.99 | 0.0036 |12 hr 54 min
 17  0.0500000  | 0.979 : 0.970 0.991 0.984 | 0.12, 0.04, 0.03 : 0.97, 0.99, 0.99 | 0.0034 |13 hr 39 min
 18  0.0500000  | 0.977 : 0.968 0.989 0.984 | 0.12, 0.04, 0.04 : 0.97, 0.99, 0.99 | 0.0034 |14 hr 25 min
 19  0.0500000  | 0.979 : 0.971 0.990 0.985 | 0.11, 0.04, 0.03 : 0.97, 0.99, 0.99 | 0.0033 |15 hr 11 min
 20  0.0500000  | 0.979 : 0.969 0.991 0.989 | 0.13, 0.04, 0.03 : 0.97, 0.99, 0.99 | 0.0032 |15 hr 58 min
 21  0.0500000  | 0.977 : 0.969 0.990 0.982 | 0.12, 0.04, 0.03 : 0.97, 0.99, 0.99 | 0.0031 |16 hr 43 min
 22  0.0500000  | 0.980 : 0.970 0.989 0.989 | 0.12, 0.04, 0.04 : 0.97, 0.99, 0.99 | 0.0031 |17 hr 27 min
 23  0.0500000  | 0.978 : 0.970 0.989 0.982 | 0.12, 0.04, 0.03 : 0.97, 0.99, 0.99 | 0.0029 |18 hr 11 min
 24  0.0500000  | 0.980 : 0.972 0.990 0.985 | 0.11, 0.04, 0.03 : 0.97, 0.99, 0.99 | 0.0030 |18 hr 55 min
 25  0.0500000  | 0.981 : 0.972 0.991 0.988 | 0.12, 0.04, 0.04 : 0.97, 0.99, 0.99 | 0.0029 |19 hr 39 min
 26  0.0500000  | 0.981 : 0.972 0.990 0.992 | 0.11, 0.04, 0.03 : 0.97, 0.99, 0.99 | 0.0028 |20 hr 25 min
 27  0.0500000  | 0.980 : 0.969 0.991 0.992 | 0.11, 0.04, 0.04 : 0.97, 0.99, 0.99 | 0.0028 |21 hr 12 min
 28  0.0500000  | 0.980 : 0.971 0.992 0.986 | 0.11, 0.04, 0.04 : 0.97, 0.99, 0.99 | 0.0026 |21 hr 58 min
 29  0.0500000  | 0.981 : 0.972 0.992 0.989 | 0.11, 0.04, 0.04 : 0.98, 0.99, 0.99 | 0.0026 |22 hr 42 min
 30  0.0500000  | 0.981 : 0.972 0.991 0.988 | 0.12, 0.04, 0.04 : 0.97, 0.99, 0.99 | 0.0027 |23 hr 27 min
 31  0.0500000  | 0.982 : 0.975 0.991 0.985 | 0.11, 0.04, 0.04 : 0.98, 0.99, 0.99 | 0.0026 |24 hr 13 min
 32  0.0500000  | 0.979 : 0.971 0.991 0.985 | 0.12, 0.04, 0.04 : 0.97, 0.99, 0.99 | 0.0025 |25 hr 00 min
 33  0.0500000  | 0.982 : 0.974 0.992 0.988 | 0.11, 0.04, 0.04 : 0.98, 0.99, 0.99 | 0.0025 |25 hr 45 min
 34  0.0500000  | 0.981 : 0.973 0.990 0.987 | 0.11, 0.04, 0.03 : 0.97, 0.99, 0.99 | 0.0025 |26 hr 29 min
 35  0.0500000  | 0.982 : 0.974 0.990 0.991 | 0.11, 0.04, 0.03 : 0.98, 0.99, 0.99 | 0.0024 |27 hr 16 min
 36  0.0500000  | 0.980 : 0.972 0.990 0.986 | 0.12, 0.04, 0.04 : 0.97, 0.99, 0.99 | 0.0024 |28 hr 02 min
 37  0.0500000  | 0.982 : 0.975 0.991 0.987 | 0.10, 0.04, 0.03 : 0.98, 0.99, 0.99 | 0.0024 |28 hr 46 min
 38  0.0500000  | 0.982 : 0.975 0.991 0.988 | 0.11, 0.04, 0.04 : 0.98, 0.99, 0.99 | 0.0023 |29 hr 31 min
 39  0.0500000  | 0.981 : 0.973 0.991 0.986 | 0.11, 0.04, 0.04 : 0.98, 0.99, 0.99 | 0.0022 |30 hr 18 min
 40  0.0500000  | 0.982 : 0.972 0.990 0.992 | 0.11, 0.04, 0.04 : 0.97, 0.99, 0.99 | 0.0022 |31 hr 04 min
 41  0.0500000  | 0.981 : 0.973 0.989 0.990 | 0.11, 0.04, 0.03 : 0.97, 0.99, 0.99 | 0.0022 |31 hr 48 min
 42  0.0500000  | 0.982 : 0.972 0.992 0.992 | 0.10, 0.04, 0.04 : 0.98, 0.99, 0.99 | 0.0022 |32 hr 33 min
 43  0.0500000  | 0.982 : 0.973 0.991 0.991 | 0.11, 0.04, 0.03 : 0.98, 0.99, 0.99 | 0.0022 |33 hr 19 min
 44  0.0500000  | 0.982 : 0.974 0.990 0.990 | 0.11, 0.04, 0.03 : 0.98, 0.99, 0.99 | 0.0022 |34 hr 06 min
 45  0.0500000  | 0.981 : 0.974 0.991 0.988 | 0.11, 0.04, 0.03 : 0.98, 0.99, 0.99 | 0.0021 |34 hr 51 min
 46  0.0500000  | 0.982 : 0.974 0.991 0.988 | 0.11, 0.04, 0.03 : 0.98, 0.99, 0.99 | 0.0021 |35 hr 35 min
 47  0.0500000  | 0.982 : 0.972 0.991 0.990 | 0.11, 0.04, 0.03 : 0.98, 0.99, 0.99 | 0.0021 |36 hr 20 min
 48  0.0500000  | 0.982 : 0.974 0.991 0.986 | 0.11, 0.04, 0.03 : 0.98, 0.99, 0.99 | 0.0020 |37 hr 06 min
 49  0.0500000  | 0.982 : 0.973 0.992 0.991 | 0.11, 0.04, 0.03 : 0.98, 0.99, 0.99 | 0.0021 |37 hr 51 min

Checkpoint! Loading from: best_model.pth

--- [START 2020-03-07_03-17-11] ----------------------------------------------------------------

@common.py:
set random seed
	SEED = 2019
set cuda environment
	torch.__version__              = 1.4.0
	torch.version.cuda             = 10.1
	torch.backends.cudnn.version() = 7603
	os['CUDA_VISIBLE_DEVICES']     = 0,1
	torch.cuda.device_count()      = 2



SEED     = 2019
out_dir  = results/seresnext101/initial_head_seresnext101_combined_crossentropy_sgd_lr0.1_224to224_mixup0.4_DAda7b_MinLr0.1_MaxLr0.1_steps_gradClipping1.0_PRETRAINED_ApplySWA

** dataset setting **
batch_size = 50
train_dataset : 
	len = 180756


valid_dataset : 
	len = 20084



** net setting **
	initial_checkpoint = best_model.pth
net=<class 'torch.nn.parallel.data_parallel.DataParallel'>

optimizer
  SWA (
Parameter Group 0
    dampening: 0
    lr: 0.1
    momentum: 0.0
    n_avg: 0
    nesterov: False
    step_counter: 0
    weight_decay: 0.0
)
scheduler
  (Exp) Decay Learning Rates
base_lr=0.100, decay=0.100, step=50.000

epochs=50
batch_size=50

mixup_prob=0.00
mixup_alpha=0.40
cutmix_prob=0.00
cutmix_alpha=1.00
grad_clip=1.000000

** START TRAINING HERE! **


                |----------------------- VALID------------------------------------|------- TRAIN/BATCH ----
epoch     rate  | kaggle                    | loss               acc              | loss   | time       
-----------------------------------------------------------------------------------------------------------
  0  0.1000000  | 0.107 : 0.008 0.271 0.143 | 4.67, 1.67, 1.13 : 0.03, 0.42, 0.63 | 0.1850 | 0 hr 43 min
  1  0.1000000  | 0.438 : 0.192 0.766 0.600 | 2.45, 0.50, 0.48 : 0.35, 0.85, 0.85 | 0.1183 | 1 hr 29 min
  2  0.1000000  | 0.849 : 0.776 0.928 0.916 | 0.58, 0.15, 0.17 : 0.83, 0.95, 0.95 | 0.0450 | 2 hr 12 min
  3  0.1000000  | 0.899 : 0.845 0.951 0.954 | 0.85, 0.38, 0.27 : 0.88, 0.96, 0.96 | 0.0252 | 2 hr 56 min
  4  0.1000000  | 0.895 : 0.847 0.948 0.937 | 0.41, 0.16, 0.18 : 0.88, 0.95, 0.94 | 0.0196 | 3 hr 41 min
  5  0.1000000  | 0.897 : 0.857 0.938 0.937 | 0.49, 0.14, 0.28 : 0.87, 0.96, 0.91 | 0.0166 | 4 hr 26 min
  6  0.1000000  | 0.944 : 0.922 0.969 0.962 | 0.41, 0.26, 0.11 : 0.93, 0.98, 0.98 | 0.0148 | 5 hr 12 min
  7  0.1000000  | 0.945 : 0.922 0.973 0.963 | 0.24, 0.07, 0.07 : 0.93, 0.98, 0.98 | 0.0134 | 5 hr 57 min
  8  0.1000000  | 0.948 : 0.929 0.973 0.960 | 0.21, 0.07, 0.07 : 0.94, 0.98, 0.98 | 0.0125 | 6 hr 40 min
  9  0.1000000  | 0.951 : 0.929 0.977 0.970 | 0.22, 0.06, 0.06 : 0.93, 0.98, 0.98 | 0.0117 | 7 hr 24 min
 10  0.1000000  | 0.955 : 0.932 0.978 0.975 | 0.21, 0.06, 0.06 : 0.94, 0.98, 0.98 | 0.0109 | 8 hr 09 min
 11  0.1000000  | 0.950 : 0.926 0.979 0.969 | 0.20, 0.06, 0.07 : 0.94, 0.98, 0.98 | 0.0104 | 8 hr 54 min
 12  0.1000000  | 0.959 : 0.942 0.981 0.971 | 0.18, 0.05, 0.05 : 0.95, 0.99, 0.98 | 0.0099 | 9 hr 38 min
 13  0.1000000  | 0.955 : 0.934 0.978 0.973 | 0.23, 0.11, 0.06 : 0.94, 0.98, 0.98 | 0.0095 |10 hr 22 min
 14  0.1000000  | 0.962 : 0.948 0.982 0.971 | 0.17, 0.06, 0.05 : 0.95, 0.99, 0.99 | 0.0092 |11 hr 08 min
 15  0.1000000  | 0.962 : 0.946 0.980 0.975 | 0.17, 0.05, 0.05 : 0.95, 0.99, 0.98 | 0.0088 |11 hr 53 min
 16  0.1000000  | 0.962 : 0.947 0.983 0.974 | 0.21, 0.07, 0.05 : 0.95, 0.99, 0.99 | 0.0084 |12 hr 40 min
 17  0.1000000  | 0.962 : 0.946 0.983 0.972 | 0.17, 0.05, 0.05 : 0.95, 0.99, 0.99 | 0.0081 |13 hr 23 min
 18  0.1000000  | 0.963 : 0.946 0.981 0.979 | 0.17, 0.06, 0.05 : 0.95, 0.99, 0.99 | 0.0079 |14 hr 07 min
 19  0.1000000  | 0.960 : 0.941 0.981 0.977 | 0.18, 0.06, 0.05 : 0.95, 0.99, 0.99 | 0.0077 |14 hr 53 min
 20  0.1000000  | 0.964 : 0.951 0.982 0.975 | 0.16, 0.05, 0.05 : 0.95, 0.99, 0.99 | 0.0076 |15 hr 38 min
 21  0.1000000  | 0.964 : 0.952 0.985 0.968 | 0.16, 0.05, 0.04 : 0.96, 0.99, 0.99 | 0.0072 |16 hr 21 min
 22  0.1000000  | 0.643 : 0.557 0.716 0.742 | 2.00, 0.95, 0.50 : 0.57, 0.70, 0.85 | 0.0070 |17 hr 05 min
 23  0.1000000  | 0.965 : 0.950 0.984 0.976 | 0.15, 0.05, 0.04 : 0.96, 0.99, 0.99 | 0.0069 |17 hr 51 min
 24  0.1000000  | 0.967 : 0.951 0.985 0.979 | 0.15, 0.04, 0.04 : 0.96, 0.99, 0.99 | 0.0069 |18 hr 37 min
 25  0.1000000  | 0.963 : 0.950 0.983 0.971 | 0.15, 0.05, 0.05 : 0.96, 0.99, 0.99 | 0.0066 |19 hr 22 min
 26  0.1000000  | 0.927 : 0.909 0.957 0.934 | 0.24, 0.12, 0.10 : 0.93, 0.97, 0.97 | 0.0064 |20 hr 06 min
 27  0.1000000  | 0.969 : 0.956 0.986 0.978 | 0.14, 0.05, 0.04 : 0.96, 0.99, 0.99 | 0.0064 |20 hr 49 min
 28  0.1000000  | 0.970 : 0.956 0.986 0.983 | 0.15, 0.04, 0.04 : 0.96, 0.99, 0.99 | 0.0061 |21 hr 34 min
 29  0.1000000  | 0.968 : 0.954 0.983 0.980 | 0.15, 0.05, 0.04 : 0.96, 0.99, 0.99 | 0.0060 |22 hr 20 min
 30  0.1000000  | 0.968 : 0.956 0.985 0.976 | 0.15, 0.05, 0.04 : 0.96, 0.99, 0.99 | 0.0059 |23 hr 05 min
 31  0.1000000  | 0.965 : 0.954 0.982 0.971 | 0.15, 0.05, 0.05 : 0.96, 0.99, 0.99 | 0.0058 |23 hr 50 min
 32  0.1000000  | 0.969 : 0.955 0.985 0.979 | 0.15, 0.04, 0.04 : 0.96, 0.99, 0.99 | 0.0057 |24 hr 34 min
 33  0.1000000  | 0.968 : 0.954 0.985 0.980 | 0.15, 0.05, 0.04 : 0.96, 0.99, 0.99 | 0.0055 |25 hr 17 min
 34  0.1000000  | 0.967 : 0.953 0.983 0.976 | 0.16, 0.05, 0.04 : 0.96, 0.99, 0.99 | 0.0055 |26 hr 02 min
 35  0.1000000  | 0.967 : 0.956 0.986 0.973 | 0.15, 0.04, 0.04 : 0.96, 0.99, 0.99 | 0.0053 |26 hr 48 min
 36  0.1000000  | 0.967 : 0.954 0.983 0.975 | 0.15, 0.05, 0.04 : 0.96, 0.99, 0.99 | 0.0053 |27 hr 34 min
 37  0.1000000  | 0.966 : 0.956 0.981 0.974 | 0.15, 0.05, 0.05 : 0.96, 0.99, 0.99 | 0.0053 |28 hr 18 min
 38  0.1000000  | 0.970 : 0.957 0.985 0.980 | 0.14, 0.04, 0.04 : 0.96, 0.99, 0.99 | 0.0050 |29 hr 01 min
 39  0.1000000  | 0.967 : 0.957 0.984 0.972 | 0.14, 0.04, 0.04 : 0.96, 0.99, 0.99 | 0.0050 |29 hr 45 min
 40  0.1000000  | 0.969 : 0.957 0.988 0.974 | 0.14, 0.05, 0.04 : 0.96, 0.99, 0.99 | 0.0049 |30 hr 28 min
 41  0.1000000  | 0.970 : 0.958 0.986 0.977 | 0.14, 0.04, 0.04 : 0.96, 0.99, 0.99 | 0.0048 |31 hr 11 min
 42  0.1000000  | 0.968 : 0.956 0.986 0.973 | 0.15, 0.05, 0.04 : 0.96, 0.99, 0.99 | 0.0048 |31 hr 56 min
 43  0.1000000  | 0.912 : 0.876 0.941 0.956 | 0.37, 0.14, 0.09 : 0.90, 0.96, 0.98 | 0.0047 |32 hr 42 min
 44  0.1000000  | 0.970 : 0.957 0.986 0.980 | 0.15, 0.05, 0.04 : 0.96, 0.99, 0.99 | 0.0046 |33 hr 27 min
 45  0.1000000  | 0.970 : 0.956 0.986 0.982 | 0.14, 0.04, 0.04 : 0.96, 0.99, 0.99 | 0.0046 |34 hr 11 min
 46  0.1000000  | 0.971 : 0.959 0.988 0.976 | 0.14, 0.04, 0.04 : 0.96, 0.99, 0.99 | 0.0045 |34 hr 57 min
 47  0.1000000  | 0.966 : 0.950 0.984 0.979 | 0.17, 0.05, 0.05 : 0.96, 0.99, 0.99 | 0.0044 |35 hr 42 min
 48  0.1000000  | 0.969 : 0.955 0.985 0.980 | 0.15, 0.05, 0.05 : 0.96, 0.99, 0.99 | 0.0044 |36 hr 26 min
 49  0.1000000  | 0.971 : 0.957 0.988 0.983 | 0.14, 0.04, 0.04 : 0.96, 0.99, 0.99 | 0.0044 |37 hr 12 min

Checkpoint! Loading from: best_model.pth

--- [START 2020-03-08_16-42-27] ----------------------------------------------------------------

@common.py:
set random seed
	SEED = 2019
set cuda environment
	torch.__version__              = 1.4.0
	torch.version.cuda             = 10.1
	torch.backends.cudnn.version() = 7603
	os['CUDA_VISIBLE_DEVICES']     = 0,1
	torch.cuda.device_count()      = 2



SEED     = 2019
out_dir  = results/seresnext101/initial_head_seresnext101_combined_crossentropy_sgd_lr0.005_224to224_mixup0.4_DAda7b_MinLr0.005_MaxLr0.005_steps_gradClipping1.0_PRETRAINED_ApplySWA

** dataset setting **
batch_size = 50
train_dataset : 
	len = 180756


valid_dataset : 
	len = 20084



** net setting **
	initial_checkpoint = best_model.pth
net=<class 'torch.nn.parallel.data_parallel.DataParallel'>

optimizer
  SWA (
Parameter Group 0
    dampening: 0
    lr: 0.005
    momentum: 0.0
    n_avg: 0
    nesterov: False
    step_counter: 0
    weight_decay: 0.0
)
scheduler
  (Exp) Decay Learning Rates
base_lr=0.005, decay=0.100, step=50.000

epochs=50
batch_size=50

mixup_prob=0.00
mixup_alpha=0.40
cutmix_prob=0.00
cutmix_alpha=1.00
grad_clip=1.000000

** START TRAINING HERE! **


                |----------------------- VALID------------------------------------|------- TRAIN/BATCH ----
epoch     rate  | kaggle                    | loss               acc              | loss   | time       
-----------------------------------------------------------------------------------------------------------
  0  0.0050000  | 0.979 : 0.969 0.992 0.984 | 0.13, 0.04, 0.04 : 0.97, 0.99, 0.99 | 0.0016 | 0 hr 44 min
  1  0.0050000  | 0.979 : 0.970 0.992 0.985 | 0.13, 0.04, 0.04 : 0.97, 0.99, 0.99 | 0.0016 | 1 hr 30 min
  2  0.0050000  | 0.979 : 0.967 0.990 0.991 | 0.13, 0.04, 0.04 : 0.97, 0.99, 0.99 | 0.0017 | 2 hr 16 min
  3  0.0050000  | 0.979 : 0.969 0.991 0.987 | 0.13, 0.04, 0.04 : 0.97, 0.99, 0.99 | 0.0017 | 3 hr 02 min
  4  0.0050000  | 0.980 : 0.970 0.991 0.989 | 0.13, 0.04, 0.04 : 0.97, 0.99, 0.99 | 0.0017 | 3 hr 47 min
  5  0.0050000  | 0.981 : 0.972 0.992 0.990 | 0.12, 0.04, 0.04 : 0.97, 0.99, 0.99 | 0.0017 | 4 hr 32 min
  6  0.0050000  | 0.981 : 0.970 0.991 0.992 | 0.13, 0.04, 0.04 : 0.97, 0.99, 0.99 | 0.0018 | 5 hr 18 min
  7  0.0050000  | 0.979 : 0.969 0.991 0.987 | 0.13, 0.04, 0.04 : 0.97, 0.99, 0.99 | 0.0017 | 6 hr 04 min
  8  0.0050000  | 0.980 : 0.970 0.992 0.989 | 0.12, 0.04, 0.04 : 0.97, 0.99, 0.99 | 0.0017 | 6 hr 48 min
  9  0.0050000  | 0.978 : 0.969 0.991 0.984 | 0.13, 0.04, 0.04 : 0.97, 0.99, 0.99 | 0.0017 | 7 hr 31 min
 10  0.0050000  | 0.979 : 0.968 0.992 0.988 | 0.13, 0.04, 0.04 : 0.97, 0.99, 0.99 | 0.0017 | 8 hr 15 min
 11  0.0050000  | 0.979 : 0.969 0.990 0.986 | 0.13, 0.04, 0.04 : 0.97, 0.99, 0.99 | 0.0017 | 9 hr 01 min
 12  0.0050000  | 0.980 : 0.970 0.991 0.989 | 0.13, 0.04, 0.04 : 0.97, 0.99, 0.99 | 0.0017 | 9 hr 47 min
 13  0.0050000  | 0.979 : 0.969 0.990 0.989 | 0.14, 0.04, 0.04 : 0.97, 0.99, 0.99 | 0.0017 |10 hr 31 min
 14  0.0050000  | 0.975 : 0.965 0.989 0.982 | 0.16, 0.05, 0.05 : 0.97, 0.99, 0.99 | 0.0017 |11 hr 15 min
 15  0.0050000  | 0.979 : 0.968 0.991 0.988 | 0.13, 0.04, 0.04 : 0.97, 0.99, 0.99 | 0.0017 |12 hr 00 min
 16  0.0050000  | 0.979 : 0.967 0.991 0.989 | 0.13, 0.04, 0.04 : 0.97, 0.99, 0.99 | 0.0017 |12 hr 47 min
 17  0.0050000  | 0.980 : 0.970 0.992 0.989 | 0.13, 0.04, 0.04 : 0.97, 0.99, 0.99 | 0.0017 |13 hr 32 min
 18  0.0050000  | 0.980 : 0.970 0.991 0.991 | 0.13, 0.04, 0.04 : 0.97, 0.99, 0.99 | 0.0017 |14 hr 15 min
 19  0.0050000  | 0.980 : 0.970 0.992 0.988 | 0.12, 0.04, 0.04 : 0.97, 0.99, 0.99 | 0.0017 |14 hr 59 min
 20  0.0050000  | 0.979 : 0.970 0.991 0.985 | 0.13, 0.04, 0.04 : 0.97, 0.99, 0.99 | 0.0017 |15 hr 44 min
 21  0.0050000  | 0.979 : 0.968 0.992 0.986 | 0.13, 0.04, 0.04 : 0.97, 0.99, 0.99 | 0.0017 |16 hr 31 min
 22  0.0050000  | 0.979 : 0.969 0.991 0.988 | 0.13, 0.04, 0.04 : 0.97, 0.99, 0.99 | 0.0017 |17 hr 15 min
 23  0.0050000  | 0.977 : 0.968 0.991 0.983 | 0.13, 0.04, 0.04 : 0.97, 0.99, 0.99 | 0.0016 |17 hr 58 min
 24  0.0050000  | 0.979 : 0.970 0.992 0.985 | 0.13, 0.04, 0.04 : 0.97, 0.99, 0.99 | 0.0017 |18 hr 43 min
 25  0.0050000  | 0.978 : 0.968 0.990 0.986 | 0.14, 0.04, 0.04 : 0.97, 0.99, 0.99 | 0.0016 |19 hr 29 min
 26  0.0050000  | 0.979 : 0.969 0.992 0.988 | 0.13, 0.04, 0.04 : 0.97, 0.99, 0.99 | 0.0016 |20 hr 13 min
 27  0.0050000  | 0.979 : 0.968 0.991 0.991 | 0.13, 0.04, 0.04 : 0.97, 0.99, 0.99 | 0.0017 |20 hr 59 min
 28  0.0050000  | 0.978 : 0.966 0.991 0.988 | 0.13, 0.04, 0.04 : 0.97, 0.99, 0.99 | 0.0016 |21 hr 44 min
 29  0.0050000  | 0.978 : 0.968 0.990 0.986 | 0.13, 0.04, 0.04 : 0.97, 0.99, 0.99 | 0.0016 |22 hr 28 min
 30  0.0050000  | 0.979 : 0.969 0.991 0.989 | 0.13, 0.04, 0.04 : 0.97, 0.99, 0.99 | 0.0016 |23 hr 14 min
 31  0.0050000  | 0.978 : 0.968 0.991 0.986 | 0.13, 0.04, 0.04 : 0.97, 0.99, 0.99 | 0.0016 |23 hr 58 min
 32  0.0050000  | 0.979 : 0.968 0.992 0.987 | 0.14, 0.04, 0.04 : 0.97, 0.99, 0.99 | 0.0016 |24 hr 44 min
 33  0.0050000  | 0.979 : 0.970 0.991 0.986 | 0.13, 0.04, 0.04 : 0.97, 0.99, 0.99 | 0.0016 |25 hr 30 min
 34  0.0050000  | 0.980 : 0.970 0.992 0.987 | 0.13, 0.04, 0.04 : 0.97, 0.99, 0.99 | 0.0016 |26 hr 15 min
 35  0.0050000  | 0.981 : 0.970 0.991 0.992 | 0.13, 0.04, 0.04 : 0.97, 0.99, 0.99 | 0.0016 |26 hr 59 min
 36  0.0050000  | 0.980 : 0.968 0.991 0.992 | 0.13, 0.04, 0.04 : 0.97, 0.99, 0.99 | 0.0016 |27 hr 43 min
 37  0.0050000  | 0.980 : 0.969 0.992 0.989 | 0.13, 0.04, 0.04 : 0.97, 0.99, 0.99 | 0.0016 |28 hr 28 min
 38  0.0050000  | 0.981 : 0.970 0.992 0.991 | 0.13, 0.04, 0.04 : 0.97, 0.99, 0.99 | 0.0016 |29 hr 14 min
 39  0.0050000  | 0.978 : 0.968 0.991 0.983 | 0.13, 0.04, 0.04 : 0.97, 0.99, 0.99 | 0.0016 |29 hr 59 min
 40  0.0050000  | 0.980 : 0.970 0.991 0.989 | 0.14, 0.04, 0.04 : 0.97, 0.99, 0.99 | 0.0016 |30 hr 42 min
 41  0.0050000  | 0.980 : 0.970 0.991 0.989 | 0.13, 0.04, 0.04 : 0.97, 0.99, 0.99 | 0.0016 |31 hr 27 min
 42  0.0050000  | 0.980 : 0.970 0.992 0.990 | 0.13, 0.04, 0.04 : 0.97, 0.99, 0.99 | 0.0016 |32 hr 12 min
 43  0.0050000  | 0.980 : 0.969 0.991 0.991 | 0.14, 0.04, 0.04 : 0.97, 0.99, 0.99 | 0.0016 |32 hr 56 min
 44  0.0050000  | 0.979 : 0.970 0.991 0.986 | 0.14, 0.04, 0.04 : 0.97, 0.99, 0.99 | 0.0015 |33 hr 41 min
 45  0.0050000  | 0.979 : 0.968 0.992 0.988 | 0.14, 0.04, 0.04 : 0.97, 0.99, 0.99 | 0.0015 |34 hr 28 min
 46  0.0050000  | 0.980 : 0.970 0.991 0.989 | 0.13, 0.04, 0.04 : 0.97, 0.99, 0.99 | 0.0015 |35 hr 12 min
 47  0.0050000  | 0.980 : 0.970 0.991 0.990 | 0.13, 0.04, 0.04 : 0.97, 0.99, 0.99 | 0.0016 |35 hr 55 min
 48  0.0050000  | 0.979 : 0.969 0.991 0.986 | 0.13, 0.04, 0.04 : 0.97, 0.99, 0.99 | 0.0015 |36 hr 39 min
 49  0.0050000  | 0.980 : 0.970 0.990 0.988 | 0.13, 0.04, 0.04 : 0.98, 0.99, 0.99 | 0.0015 |37 hr 24 min

